<?xml version="1.0" encoding="UTF-8"?>
<!-- Generated by org.testng.reporters.JUnitReportReporter -->
<testsuite hostname="1PXVDI-S64PU06" name="test.java.com.usfoods.ecom.utils.GetExcelData" tests="2" failures="0" timestamp="18 Nov 2016 11:47:32 GMT" time="0.012" errors="0">
  <testcase name="TC02_Verify_Shipment_Data" time="0.011" classname="test.java.com.usfoods.ecom.utils.GetExcelData"/>
  <testcase name="TC02_Verify_Shipment_Data" time="0.001" classname="test.java.com.usfoods.ecom.utils.GetExcelData"/>
</testsuite> <!-- test.java.com.usfoods.ecom.utils.GetExcelData -->
