<?xml version="1.0" encoding="UTF-8"?>
<!-- Generated by org.testng.reporters.JUnitReportReporter -->
<testsuite hostname="DS-6451063ADDAA" name="test.java.com.lol.tests.Patch_Testing_patches" tests="1" failures="0" timestamp="27 Jan 2017 10:51:45 GMT" time="68.896" errors="0">
  <testcase name="testngreportfirst" time="68.896" classname="test.java.com.lol.tests.Patch_Testing_patches"/>
</testsuite> <!-- test.java.com.lol.tests.Patch_Testing_patches -->
