<?xml version="1.0" encoding="UTF-8"?>
<!-- Generated by org.testng.reporters.JUnitReportReporter -->
<testsuite hostname="MJ03JXF1" name="test.java.com.lol.tests.Scenario_5" tests="1" failures="0" timestamp="10 Aug 2017 16:38:35 GMT" time="832.312" errors="0">
  <testcase name="Scenario_05" time="832.312" classname="test.java.com.lol.tests.Scenario_5"/>
</testsuite> <!-- test.java.com.lol.tests.Scenario_5 -->
