<?xml version="1.0" encoding="UTF-8"?>
<!-- Generated by org.testng.reporters.JUnitReportReporter -->
<testsuite hostname="MJ03JXF1" name="test.java.com.lol.tests.SMD70_BasicCPPEndtoEndforPOtoPayment_OrdertoCashCHANGEtoSMD" tests="1" failures="0" timestamp="4 Jul 2017 16:01:59 GMT" time="83.818" errors="0">
  <testcase name="t249145_Fleet_Planning" time="83.818" classname="test.java.com.lol.tests.SMD70_BasicCPPEndtoEndforPOtoPayment_OrdertoCashCHANGEtoSMD"/>
</testsuite> <!-- test.java.com.lol.tests.SMD70_BasicCPPEndtoEndforPOtoPayment_OrdertoCashCHANGEtoSMD -->
