<?xml version="1.0" encoding="UTF-8"?>
<!-- Generated by org.testng.reporters.JUnitReportReporter -->
<testsuite hostname="MJ03K5UC" name="test.java.com.lol.tests.Scenario_74" tests="1" failures="0" timestamp="7 Aug 2017 15:21:59 GMT" time="391.854" errors="0">
  <testcase name="Scenario_74" time="391.854" classname="test.java.com.lol.tests.Scenario_74"/>
</testsuite> <!-- test.java.com.lol.tests.Scenario_74 -->
