<?xml version="1.0" encoding="UTF-8"?>
<!-- Generated by org.testng.reporters.JUnitReportReporter -->
<testsuite hostname="MJ03JXF1" name="test.java.com.lol.tests.Scenario_6" tests="1" failures="0" timestamp="11 Aug 2017 11:22:41 GMT" time="837.461" errors="0">
  <testcase name="Scenario_01_Goods_Multiple_Suppliers" time="837.461" classname="test.java.com.lol.tests.Scenario_6"/>
</testsuite> <!-- test.java.com.lol.tests.Scenario_6 -->
