<?xml version="1.0" encoding="UTF-8"?>
<!-- Generated by org.testng.reporters.JUnitReportReporter -->
<testsuite hostname="MJ03K5UC" name="test.java.com.lol.tests.Scenario_72" tests="1" failures="0" timestamp="17 Aug 2017 13:03:57 GMT" time="301.901" errors="0">
  <testcase name="Scenario_01_Goods_Multiple_Suppliers" time="301.901" classname="test.java.com.lol.tests.Scenario_72"/>
</testsuite> <!-- test.java.com.lol.tests.Scenario_72 -->
