<?xml version="1.0" encoding="UTF-8"?>
<!-- Generated by org.testng.reporters.JUnitReportReporter -->
<testsuite hostname="1PXVDI-S64PU05" name="test.java.com.usfoods.ecom.tests.Food_Package_Spec_InputTab_Generalinfo" tests="1" failures="0" timestamp="2 Nov 2016 09:50:45 GMT" time="5.340" errors="0">
  <testcase name="testngreportfirst" time="5.340" classname="test.java.com.usfoods.ecom.tests.Food_Package_Spec_InputTab_Generalinfo"/>
</testsuite> <!-- test.java.com.usfoods.ecom.tests.Food_Package_Spec_InputTab_Generalinfo -->
