<?xml version="1.0" encoding="UTF-8"?>
<!-- Generated by org.testng.reporters.JUnitReportReporter -->
<testsuite hostname="MJ03JXF1" name="test.java.com.lol.tests.Scenario_39" tests="1" failures="0" timestamp="9 Aug 2017 15:03:56 GMT" time="621.445" errors="0">
  <testcase name="Scenario_01_Goods_Multiple_Suppliers" time="621.445" classname="test.java.com.lol.tests.Scenario_39"/>
</testsuite> <!-- test.java.com.lol.tests.Scenario_39 -->
