<?xml version="1.0" encoding="UTF-8"?>
<!-- Generated by org.testng.reporters.JUnitReportReporter -->
<testsuite hostname="MJ03JXF1" name="test.java.com.lol.tests.T304019_R09801GLPost_PostCashReceipt" tests="1" failures="0" timestamp="20 Jun 2017 15:33:06 GMT" time="76.018" errors="0">
  <testcase name="t04019_R09801GLPost_PostCashReceipt" time="76.018" classname="test.java.com.lol.tests.T304019_R09801GLPost_PostCashReceipt"/>
</testsuite> <!-- test.java.com.lol.tests.T304019_R09801GLPost_PostCashReceipt -->
