<?xml version="1.0" encoding="UTF-8"?>
<!-- Generated by org.testng.reporters.JUnitReportReporter -->
<testsuite hostname="MJ03K5UC" name="test.java.com.lol.tests.Scenario_20" tests="1" failures="0" timestamp="17 Aug 2017 13:25:13 GMT" time="691.014" errors="0">
  <testcase name="Scenario_20" time="691.014" classname="test.java.com.lol.tests.Scenario_20"/>
</testsuite> <!-- test.java.com.lol.tests.Scenario_20 -->
