<?xml version="1.0" encoding="UTF-8"?>
<!-- Generated by org.testng.reporters.JUnitReportReporter -->
<testsuite hostname="MJ03JXF1" name="test.java.com.lol.tests.Scenario_2" tests="1" failures="0" timestamp="3 Aug 2017 15:03:34 GMT" time="357.373" errors="0">
  <testcase name="Scenario_02_Goods_Multiple_Suppliers" time="357.373" classname="test.java.com.lol.tests.Scenario_2"/>
</testsuite> <!-- test.java.com.lol.tests.Scenario_2 -->
