<?xml version="1.0" encoding="UTF-8"?>
<!-- Generated by org.testng.reporters.JUnitReportReporter -->
<testsuite hostname="MJ0214N6" name="test.java.com.usfoods.ecom.tests.LandingPageValidations" tests="1" failures="0" timestamp="19 Dec 2016 11:48:34 GMT" time="119.309" errors="0">
  <testcase name="testngreportfirst" time="119.309" classname="test.java.com.usfoods.ecom.tests.LandingPageValidations"/>
</testsuite> <!-- test.java.com.usfoods.ecom.tests.LandingPageValidations -->
