<?xml version="1.0" encoding="UTF-8"?>
<!-- Generated by org.testng.reporters.JUnitReportReporter -->
<testsuite hostname="DS-6451063ADDAA" name="test.java.com.lol.tests.Test_C18998" tests="1" failures="0" timestamp="3 Feb 2017 12:41:11 GMT" time="293.938" errors="0">
  <testcase name="testngreportfirst" time="293.938" classname="test.java.com.lol.tests.Test_C18998"/>
</testsuite> <!-- test.java.com.lol.tests.Test_C18998 -->
