<?xml version="1.0" encoding="UTF-8"?>
<!-- Generated by org.testng.reporters.JUnitReportReporter -->
<testsuite hostname="MJ03JXF1" name="test.java.com.lol.tests.Scenario_1" tests="1" failures="0" timestamp="17 Aug 2017 12:01:10 GMT" time="733.041" errors="0">
  <testcase name="Scenario_01" time="733.041" classname="test.java.com.lol.tests.Scenario_1"/>
</testsuite> <!-- test.java.com.lol.tests.Scenario_1 -->
