<?xml version="1.0" encoding="UTF-8"?>
<!-- Generated by org.testng.reporters.JUnitReportReporter -->
<testsuite hostname="MJ0214N6" name="test.java.com.usfoods.ecom.tests.TemplateClass" tests="1" failures="0" timestamp="19 Dec 2016 11:27:47 GMT" time="104.517" errors="0">
  <testcase name="testngreportfirst" time="104.517" classname="test.java.com.usfoods.ecom.tests.TemplateClass"/>
</testsuite> <!-- test.java.com.usfoods.ecom.tests.TemplateClass -->
