<?xml version="1.0" encoding="UTF-8"?>
<!-- Generated by org.testng.reporters.JUnitReportReporter -->
<testsuite hostname="MJ03JXF1" name="test.java.com.lol.tests.Scenario_68" tests="1" failures="0" timestamp="8 Aug 2017 13:56:21 GMT" time="485.357" errors="0">
  <testcase name="Scenario_68" time="485.357" classname="test.java.com.lol.tests.Scenario_68"/>
</testsuite> <!-- test.java.com.lol.tests.Scenario_68 -->
