<?xml version="1.0" encoding="UTF-8"?>
<!-- Generated by org.testng.reporters.JUnitReportReporter -->
<testsuite hostname="MJ03JXF1" name="test.java.com.lol.tests.Scenario_38" tests="1" failures="0" timestamp="10 Aug 2017 14:01:43 GMT" time="497.529" errors="0">
  <testcase name="Scenario_38" time="497.529" classname="test.java.com.lol.tests.Scenario_38"/>
</testsuite> <!-- test.java.com.lol.tests.Scenario_38 -->
