<?xml version="1.0" encoding="UTF-8"?>
<!-- Generated by org.testng.reporters.JUnitReportReporter -->
<testsuite hostname="MJ0214NG" name="test.java.com.lol.tests.Scenario_18" tests="1" failures="0" timestamp="17 Aug 2017 11:59:31 GMT" time="382.730" errors="0">
  <testcase name="Scenario_18" time="382.730" classname="test.java.com.lol.tests.Scenario_18"/>
</testsuite> <!-- test.java.com.lol.tests.Scenario_18 -->
