<?xml version="1.0" encoding="UTF-8"?>
<!-- Generated by org.testng.reporters.JUnitReportReporter -->
<testsuite hostname="MJ03JXF1" name="test.java.com.lol.tests.T270074_P0015AInquireReviewCurrencyExchangeRates" tests="1" failures="0" timestamp="16 Jun 2017 13:19:52 GMT" time="255.132" errors="0">
  <testcase name="t270074_P0015AInquireReviewCurrencyExchangeRate" time="255.132" classname="test.java.com.lol.tests.T270074_P0015AInquireReviewCurrencyExchangeRates"/>
</testsuite> <!-- test.java.com.lol.tests.T270074_P0015AInquireReviewCurrencyExchangeRates -->
