<?xml version="1.0" encoding="UTF-8"?>
<!-- Generated by org.testng.reporters.JUnitReportReporter -->
<testsuite hostname="MJ03K5UC" name="test.java.com.lol.tests.Scenario_15" tests="1" failures="0" timestamp="17 Aug 2017 12:52:56 GMT" time="846.932" errors="0">
  <testcase name="Scenario_15" time="846.932" classname="test.java.com.lol.tests.Scenario_15"/>
</testsuite> <!-- test.java.com.lol.tests.Scenario_15 -->
