<?xml version="1.0" encoding="UTF-8"?>
<!-- Generated by org.testng.reporters.JUnitReportReporter -->
<testsuite hostname="MJ03JXF1" name="test.java.com.lol.tests.C317_SeedReleasetoS6plotseedtoVincent" tests="1" failures="0" timestamp="3 Jul 2017 10:48:08 GMT" time="146.995" errors="0">
  <testcase name="t223115_P0011_Review_Voucher_Batch" time="146.995" classname="test.java.com.lol.tests.C317_SeedReleasetoS6plotseedtoVincent"/>
</testsuite> <!-- test.java.com.lol.tests.C317_SeedReleasetoS6plotseedtoVincent -->
