<?xml version="1.0" encoding="UTF-8"?>
<!-- Generated by org.testng.reporters.JUnitReportReporter -->
<testsuite hostname="MJ0214NG" name="test.java.com.lol.tests.Scenario_26" tests="1" failures="0" timestamp="17 Aug 2017 11:50:29 GMT" time="306.853" errors="0">
  <testcase name="Scenario_26" time="306.853" classname="test.java.com.lol.tests.Scenario_26"/>
</testsuite> <!-- test.java.com.lol.tests.Scenario_26 -->
