<?xml version="1.0" encoding="UTF-8"?>
<!-- Generated by org.testng.reporters.JUnitReportReporter -->
<testsuite hostname="MJ03JXF1" name="test.java.com.lol.tests.T157419_P0411MCStandardVoucherEntry_OVERRIDE_PAYMENT_TERMS_ON_VOUCHER" tests="1" failures="0" timestamp="12 Jun 2017 16:43:20 GMT" time="30.160" errors="0">
  <testcase name="t157419_P0411MCStandardVoucherEntry_OVERRIDE_PAYMENT_TERMS_ON_VOUCHER" time="30.160" classname="test.java.com.lol.tests.T157419_P0411MCStandardVoucherEntry_OVERRIDE_PAYMENT_TERMS_ON_VOUCHER"/>
</testsuite> <!-- test.java.com.lol.tests.T157419_P0411MCStandardVoucherEntry_OVERRIDE_PAYMENT_TERMS_ON_VOUCHER -->
