<?xml version="1.0" encoding="UTF-8"?>
<!-- Generated by org.testng.reporters.JUnitReportReporter -->
<testsuite hostname="MJ03JXF1" name="test.java.com.lol.tests.C314_CP065_International_Intercompany_Transfer" tests="1" failures="0" timestamp="21 Jun 2017 16:43:56 GMT" time="81.145" errors="0">
  <testcase name="t223060_R09801_GLPost_GeneralEntryPostEntry" time="81.145" classname="test.java.com.lol.tests.C314_CP065_International_Intercompany_Transfer"/>
</testsuite> <!-- test.java.com.lol.tests.C314_CP065_International_Intercompany_Transfer -->
