<?xml version="1.0" encoding="UTF-8"?>
<!-- Generated by org.testng.reporters.JUnitReportReporter -->
<testsuite hostname="MJ03JXF1" name="test.java.com.lol.tests.T154798_P5509007RebateMaintenancePaidonSaleSeedRebate" tests="1" failures="0" timestamp="2 Jun 2017 16:30:47 GMT" time="81.404" errors="0">
  <testcase name="t154798_P5509007RebateMaintenancePaidonSaleSeedRebate" time="81.404" classname="test.java.com.lol.tests.T154798_P5509007RebateMaintenancePaidonSaleSeedRebate"/>
</testsuite> <!-- test.java.com.lol.tests.T154798_P5509007RebateMaintenancePaidonSaleSeedRebate -->
