<?xml version="1.0" encoding="UTF-8"?>
<!-- Generated by org.testng.reporters.JUnitReportReporter -->
<testsuite hostname="MJ0214NG" name="test.java.com.lol.tests.Scenario_30" tests="1" failures="0" timestamp="17 Aug 2017 12:22:59 GMT" time="667.877" errors="0">
  <testcase name="Scenario_30" time="667.877" classname="test.java.com.lol.tests.Scenario_30"/>
</testsuite> <!-- test.java.com.lol.tests.Scenario_30 -->
