<?xml version="1.0" encoding="UTF-8"?>
<!-- Generated by org.testng.reporters.JUnitReportReporter -->
<testsuite hostname="MJ03K5UC" name="test.java.com.lol.tests.Scenario_35" tests="1" failures="0" timestamp="16 Aug 2017 13:48:24 GMT" time="671.831" errors="0">
  <testcase name="Scenario_35" time="671.831" classname="test.java.com.lol.tests.Scenario_35"/>
</testsuite> <!-- test.java.com.lol.tests.Scenario_35 -->
