<?xml version="1.0" encoding="UTF-8"?>
<!-- Generated by org.testng.reporters.JUnitReportReporter -->
<testsuite hostname="MJ03K5UC" name="test.java.com.lol.tests.Scenario_44" tests="1" failures="0" timestamp="17 Aug 2017 13:11:52 GMT" time="219.490" errors="0">
  <testcase name="Scenario_44" time="219.490" classname="test.java.com.lol.tests.Scenario_44"/>
</testsuite> <!-- test.java.com.lol.tests.Scenario_44 -->
