<?xml version="1.0" encoding="UTF-8"?>
<!-- Generated by org.testng.reporters.JUnitReportReporter -->
<testsuite hostname="MJ03JXF1" name="test.java.com.lol.tests.T304017_R09801GLPost_PostInvoice" tests="1" failures="0" timestamp="20 Jun 2017 15:31:33 GMT" time="85.648" errors="0">
  <testcase name="t304017_R09801GLPost_PostInvoice" time="85.648" classname="test.java.com.lol.tests.T304017_R09801GLPost_PostInvoice"/>
</testsuite> <!-- test.java.com.lol.tests.T304017_R09801GLPost_PostInvoice -->
