<?xml version="1.0" encoding="UTF-8"?>
<!-- Generated by org.testng.reporters.JUnitReportReporter -->
<testsuite hostname="MJ03K5UC" name="test.java.com.lol.tests.Scenario_10" tests="1" failures="0" timestamp="16 Aug 2017 15:18:15 GMT" time="701.490" errors="0">
  <testcase name="Scenario_10_Goods_Multiple_Suppliers" time="701.490" classname="test.java.com.lol.tests.Scenario_10"/>
</testsuite> <!-- test.java.com.lol.tests.Scenario_10 -->
