<?xml version="1.0" encoding="UTF-8"?>
<!-- Generated by org.testng.reporters.JUnitReportReporter -->
<testsuite hostname="MJ03K5UC" name="test.java.com.lol.tests.Scenario_11" tests="1" failures="0" timestamp="14 Aug 2017 09:10:24 GMT" time="326.109" errors="0">
  <testcase name="Scenario_11" time="326.109" classname="test.java.com.lol.tests.Scenario_11"/>
</testsuite> <!-- test.java.com.lol.tests.Scenario_11 -->
