<?xml version="1.0" encoding="UTF-8"?>
<!-- Generated by org.testng.reporters.JUnitReportReporter -->
<testsuite hostname="DS-6451063ADDAA" name="test.java.com.lol.tests.P42101_SO_Hide_price_history_details" tests="1" failures="0" timestamp="9 Jan 2017 14:01:55 GMT" time="134.182" errors="0">
  <testcase name="testngreportfirst" time="134.182" classname="test.java.com.lol.tests.P42101_SO_Hide_price_history_details"/>
</testsuite> <!-- test.java.com.lol.tests.P42101_SO_Hide_price_history_details -->
