<?xml version="1.0" encoding="UTF-8"?>
<!-- Generated by org.testng.reporters.JUnitReportReporter -->
<testsuite hostname="MJ03K5UC" name="test.java.com.lol.tests.Scenario_8" tests="1" failures="0" timestamp="17 Aug 2017 13:44:15 GMT" time="1057.124" errors="0">
  <testcase name="Scenario_08" time="1057.124" classname="test.java.com.lol.tests.Scenario_8"/>
</testsuite> <!-- test.java.com.lol.tests.Scenario_8 -->
