<?xml version="1.0" encoding="UTF-8"?>
<!-- Generated by org.testng.reporters.JUnitReportReporter -->
<testsuite hostname="MJ0214NG" name="test.java.com.lol.tests.Scenario_16" tests="1" failures="0" timestamp="14 Aug 2017 18:07:54 GMT" time="621.171" errors="0">
  <testcase name="Scenario_16" time="621.171" classname="test.java.com.lol.tests.Scenario_16"/>
</testsuite> <!-- test.java.com.lol.tests.Scenario_16 -->
