<?xml version="1.0" encoding="UTF-8"?>
<!-- Generated by org.testng.reporters.JUnitReportReporter -->
<testsuite hostname="MJ03JXF1" name="test.java.com.lol.tests.T157507_P03B22DelinquencyFeeReview" tests="1" failures="0" timestamp="9 Jun 2017 16:10:43 GMT" time="38.155" errors="0">
  <testcase name="VendorConsignmentDashboard" time="38.155" classname="test.java.com.lol.tests.T157507_P03B22DelinquencyFeeReview"/>
</testsuite> <!-- test.java.com.lol.tests.T157507_P03B22DelinquencyFeeReview -->
