<?xml version="1.0" encoding="UTF-8"?>
<!-- Generated by org.testng.reporters.JUnitReportReporter -->
<testsuite hostname="MJ03JXF1" name="test.java.com.lol.tests.Scenario_65" tests="1" failures="0" timestamp="16 Aug 2017 13:47:22 GMT" time="149.518" errors="0">
  <testcase name="Scenario_01_Goods_Multiple_Suppliers" time="149.518" classname="test.java.com.lol.tests.Scenario_65"/>
</testsuite> <!-- test.java.com.lol.tests.Scenario_65 -->
