<?xml version="1.0" encoding="UTF-8"?>
<!-- Generated by org.testng.reporters.JUnitReportReporter -->
<testsuite hostname="MJ03JXF1" name="test.java.com.lol.tests.Scenario_34" tests="1" failures="0" timestamp="8 Aug 2017 12:58:52 GMT" time="331.029" errors="0">
  <testcase name="Scenario_34_PO_cancel" time="331.029" classname="test.java.com.lol.tests.Scenario_34"/>
</testsuite> <!-- test.java.com.lol.tests.Scenario_34 -->
