<?xml version="1.0" encoding="UTF-8"?>
<!-- Generated by org.testng.reporters.JUnitReportReporter -->
<testsuite hostname="MJ03JXF1" name="test.java.com.lol.tests.AP_Auto_Payment_Processing_Parameters_Definition" tests="1" failures="0" timestamp="15 Jun 2017 15:02:13 GMT" time="39.038" errors="0">
  <testcase name="T248678_AP_Auto_Payment_Processing_Parameters_Definition_INSERT" time="39.038" classname="test.java.com.lol.tests.AP_Auto_Payment_Processing_Parameters_Definition"/>
</testsuite> <!-- test.java.com.lol.tests.AP_Auto_Payment_Processing_Parameters_Definition -->
