<?xml version="1.0" encoding="UTF-8"?>
<!-- Generated by org.testng.reporters.JUnitReportReporter -->
<testsuite hostname="MJ03JXF1" name="test.java.com.lol.tests.Scenario65" tests="1" failures="0" timestamp="16 Aug 2017 15:35:45 GMT" time="574.420" errors="0">
  <testcase name="scenario_65" time="574.420" classname="test.java.com.lol.tests.Scenario65"/>
</testsuite> <!-- test.java.com.lol.tests.Scenario65 -->
