<?xml version="1.0" encoding="UTF-8"?>
<!-- Generated by org.testng.reporters.JUnitReportReporter -->
<testsuite hostname="MJ03K5UC" name="test.java.com.lol.tests.Scenario_32" tests="1" failures="0" timestamp="17 Aug 2017 16:38:30 GMT" time="542.092" errors="0">
  <testcase name="Scenario_34_PO_cancel" time="542.092" classname="test.java.com.lol.tests.Scenario_32"/>
</testsuite> <!-- test.java.com.lol.tests.Scenario_32 -->
