<?xml version="1.0" encoding="UTF-8"?>
<!-- Generated by org.testng.reporters.JUnitReportReporter -->
<testsuite hostname="MJ0214NG" name="test.java.com.lol.tests.Scenario_4" tests="1" failures="0" timestamp="17 Aug 2017 12:44:54 GMT" time="1075.023" errors="0">
  <testcase name="Scenario_04" time="1075.023" classname="test.java.com.lol.tests.Scenario_4"/>
</testsuite> <!-- test.java.com.lol.tests.Scenario_4 -->
