<?xml version="1.0" encoding="UTF-8"?>
<!-- Generated by org.testng.reporters.JUnitReportReporter -->
<testsuite hostname="MJ03JXF1" name="test.java.com.lol.tests.E2E13_DealerRepackN_ServeCustomer_filledMinibulks" tests="1" failures="0" timestamp="23 Jun 2017 14:50:35 GMT" time="43.419" errors="0">
  <testcase name="t223060_R09801_GLPost_GeneralEntryPostEntry" time="43.419" classname="test.java.com.lol.tests.E2E13_DealerRepackN_ServeCustomer_filledMinibulks"/>
</testsuite> <!-- test.java.com.lol.tests.E2E13_DealerRepackN_ServeCustomer_filledMinibulks -->
