<?xml version="1.0" encoding="UTF-8"?>
<!-- Generated by org.testng.reporters.JUnitReportReporter -->
<testsuite hostname="MJ03JXF1" name="test.java.com.lol.tests.LOL_View_job_status" tests="1" failures="0" timestamp="2 May 2017 11:44:57 GMT" time="18.066" errors="0">
  <testcase name="testngreportfirst" time="18.066" classname="test.java.com.lol.tests.LOL_View_job_status"/>
</testsuite> <!-- test.java.com.lol.tests.LOL_View_job_status -->
