<?xml version="1.0" encoding="UTF-8"?>
<!-- Generated by org.testng.reporters.JUnitReportReporter -->
<testsuite hostname="DS-6451063ADDAA" name="test.java.com.lol.tests.LOL_homepage_Generalinfo_verification" tests="1" failures="0" timestamp="2 Jan 2017 07:51:51 GMT" time="72.694" errors="0">
  <testcase name="testngreportfirst" time="72.694" classname="test.java.com.lol.tests.LOL_homepage_Generalinfo_verification"/>
</testsuite> <!-- test.java.com.lol.tests.LOL_homepage_Generalinfo_verification -->
