<?xml version="1.0" encoding="UTF-8"?>
<!-- Generated by org.testng.reporters.JUnitReportReporter -->
<testsuite hostname="MJ0214N6" name="test.java.com.usfoods.ecom.tests.LOL_homepage_Generalinfo_verification" tests="1" failures="0" timestamp="19 Dec 2016 12:00:31 GMT" time="76.196" errors="0">
  <testcase name="testngreportfirst" time="76.196" classname="test.java.com.usfoods.ecom.tests.LOL_homepage_Generalinfo_verification"/>
</testsuite> <!-- test.java.com.usfoods.ecom.tests.LOL_homepage_Generalinfo_verification -->
