<?xml version="1.0" encoding="UTF-8"?>
<!-- Generated by org.testng.reporters.JUnitReportReporter -->
<testsuite hostname="MJ0214NG" name="test.java.com.lol.tests.Scenario_66" tests="1" failures="0" timestamp="17 Aug 2017 05:19:01 GMT" time="414.066" errors="0">
  <testcase name="Scenario_01_Goods_Multiple_Suppliers" time="414.066" classname="test.java.com.lol.tests.Scenario_66"/>
</testsuite> <!-- test.java.com.lol.tests.Scenario_66 -->
