<?xml version="1.0" encoding="UTF-8"?>
<!-- Generated by org.testng.reporters.JUnitReportReporter -->
<testsuite hostname="1PXVDI-S64PU01" name="test.java.com.usfoods.ecom.tests.Ordering" tests="1" failures="0" timestamp="17 Dec 2016 10:33:44 GMT" time="156.590" errors="0">
  <testcase name="testngreportfirst" time="156.590" classname="test.java.com.usfoods.ecom.tests.Ordering"/>
</testsuite> <!-- test.java.com.usfoods.ecom.tests.Ordering -->
