<?xml version="1.0" encoding="UTF-8"?>
<!-- Generated by org.testng.reporters.JUnitReportReporter -->
<testsuite hostname="MJ03JXF1" name="test.java.com.lol.tests.Scenario_73" tests="1" failures="0" timestamp="16 Aug 2017 11:01:53 GMT" time="376.246" errors="0">
  <testcase name="Scenario_73" time="376.246" classname="test.java.com.lol.tests.Scenario_73"/>
</testsuite> <!-- test.java.com.lol.tests.Scenario_73 -->
